TN:
SF:src\config.js
FNF:0
FNH:0
DA:1,1
DA:2,1
DA:3,1
DA:4,1
DA:5,1
DA:6,1
DA:7,1
DA:8,1
DA:9,1
DA:10,1
DA:11,1
LF:11
LH:11
BRDA:5,0,0,0
BRDA:6,1,0,0
BRDA:7,2,0,0
BRDA:8,3,0,0
BRDA:9,4,0,0
BRDA:10,5,0,0
BRDA:11,6,0,0
BRF:7
BRH:0
end_of_record
TN:
SF:src\server.js
FN:26,Server
FN:70,application
FN:74,config
FN:81,routes
FN:91,start
FNF:5
FNH:5
FNDA:2,Server
FNDA:11,application
FNDA:2,config
FNDA:2,routes
FNDA:1,start
DA:1,1
DA:2,1
DA:3,1
DA:4,1
DA:5,1
DA:6,1
DA:7,1
DA:8,1
DA:9,1
DA:10,1
DA:11,1
DA:12,1
DA:13,1
DA:14,1
DA:15,1
DA:16,1
DA:17,1
DA:18,1
DA:19,1
DA:20,1
DA:21,1
DA:22,1
DA:23,1
DA:24,1
DA:25,1
DA:26,1
DA:27,2
DA:28,2
DA:29,2
DA:30,2
DA:31,2
DA:32,2
DA:33,2
DA:34,2
DA:35,2
DA:36,2
DA:37,2
DA:38,2
DA:39,2
DA:40,2
DA:41,2
DA:42,2
DA:43,2
DA:44,2
DA:45,2
DA:46,2
DA:47,2
DA:48,2
DA:49,2
DA:50,2
DA:51,2
DA:52,2
DA:53,2
DA:54,2
DA:55,2
DA:56,2
DA:57,2
DA:58,2
DA:59,2
DA:60,2
DA:61,2
DA:62,2
DA:63,2
DA:64,2
DA:65,2
DA:66,2
DA:67,2
DA:68,2
DA:69,1
DA:70,1
DA:71,11
DA:72,11
DA:73,1
DA:74,1
DA:75,2
DA:76,2
DA:77,2
DA:78,2
DA:79,2
DA:80,1
DA:81,1
DA:82,2
DA:83,2
DA:84,2
DA:85,2
DA:86,2
DA:87,0
DA:88,2
DA:89,2
DA:90,1
DA:91,1
DA:92,1
DA:93,1
DA:94,1
DA:95,1
DA:96,1
DA:97,1
DA:98,1
DA:99,1
DA:100,1
DA:101,1
DA:102,1
DA:103,1
DA:104,1
DA:105,1
DA:106,1
DA:107,1
DA:108,1
DA:109,1
LF:109
LH:108
BRDA:26,0,0,2
BRDA:70,1,0,11
BRDA:74,2,0,2
BRDA:81,3,0,2
BRDA:91,4,0,1
BRDA:92,5,0,1
BRF:6
BRH:6
end_of_record
TN:
SF:src\controllers\annotation.controller.js
FN:1,<instance_members_initializer>
FN:2,AnnotationController
FN:8,getController
FN:22,getOneController
FN:40,postController
FN:62,updateController
FN:91,deleteController
FNF:7
FNH:2
FNDA:2,<instance_members_initializer>
FNDA:2,AnnotationController
FNDA:0,getController
FNDA:0,getOneController
FNDA:0,postController
FNDA:0,updateController
FNDA:0,deleteController
DA:1,1
DA:2,2
DA:3,2
DA:4,2
DA:5,2
DA:6,2
DA:7,2
DA:8,2
DA:9,0
DA:10,0
DA:11,0
DA:12,0
DA:13,0
DA:14,0
DA:15,0
DA:16,0
DA:17,0
DA:18,0
DA:19,0
DA:20,2
DA:21,2
DA:22,2
DA:23,0
DA:24,0
DA:25,0
DA:26,0
DA:27,0
DA:28,0
DA:29,0
DA:30,0
DA:31,0
DA:32,0
DA:33,0
DA:34,0
DA:35,0
DA:36,0
DA:37,0
DA:38,2
DA:39,2
DA:40,2
DA:41,0
DA:42,0
DA:43,0
DA:44,0
DA:45,0
DA:46,0
DA:47,0
DA:48,0
DA:49,0
DA:50,0
DA:51,0
DA:52,0
DA:53,0
DA:54,0
DA:55,0
DA:56,0
DA:57,0
DA:58,0
DA:59,0
DA:60,2
DA:61,2
DA:62,2
DA:63,0
DA:64,0
DA:65,0
DA:66,0
DA:67,0
DA:68,0
DA:69,0
DA:70,0
DA:71,0
DA:72,0
DA:73,0
DA:74,0
DA:75,0
DA:76,0
DA:77,0
DA:78,0
DA:79,0
DA:80,0
DA:81,0
DA:82,0
DA:83,0
DA:84,0
DA:85,0
DA:86,0
DA:87,0
DA:88,0
DA:89,2
DA:90,2
DA:91,2
DA:92,0
DA:93,0
DA:94,0
DA:95,0
DA:96,0
DA:97,0
DA:98,0
DA:99,0
DA:100,0
DA:101,0
DA:102,0
DA:103,0
DA:104,0
DA:105,2
DA:106,2
LF:106
LH:22
BRDA:1,0,0,2
BRDA:2,1,0,2
BRF:2
BRH:2
end_of_record
TN:
SF:src\controllers\person.controller.js
FN:1,<instance_members_initializer>
FN:2,PersonController
FN:10,getController
FN:25,postController
FN:58,updateController
FN:109,deleteController
FN:125,getOneController
FNF:7
FNH:6
FNDA:2,<instance_members_initializer>
FNDA:2,PersonController
FNDA:1,getController
FNDA:2,postController
FNDA:1,updateController
FNDA:1,deleteController
FNDA:0,getOneController
DA:1,1
DA:2,2
DA:3,2
DA:4,2
DA:5,2
DA:6,2
DA:7,2
DA:8,2
DA:9,2
DA:10,2
DA:11,1
DA:12,1
DA:13,1
DA:14,1
DA:15,0
DA:16,0
DA:17,1
DA:18,1
DA:19,1
DA:20,0
DA:21,0
DA:22,0
DA:23,2
DA:24,2
DA:25,2
DA:26,2
DA:27,2
DA:28,2
DA:29,0
DA:30,2
DA:31,2
DA:32,2
DA:33,1
DA:34,1
DA:35,1
DA:36,1
DA:37,1
DA:38,1
DA:39,1
DA:40,1
DA:41,1
DA:42,1
DA:43,1
DA:44,1
DA:45,1
DA:46,1
DA:47,1
DA:48,1
DA:49,1
DA:50,1
DA:51,2
DA:52,0
DA:53,0
DA:54,0
DA:55,2
DA:56,2
DA:57,2
DA:58,2
DA:59,1
DA:60,1
DA:61,1
DA:62,0
DA:63,1
DA:64,1
DA:65,1
DA:66,1
DA:67,1
DA:68,1
DA:69,1
DA:70,1
DA:71,1
DA:72,1
DA:73,1
DA:74,1
DA:75,1
DA:76,1
DA:77,1
DA:78,1
DA:79,1
DA:80,1
DA:81,1
DA:82,1
DA:83,1
DA:84,1
DA:85,1
DA:86,1
DA:87,1
DA:88,1
DA:89,1
DA:90,1
DA:91,0
DA:92,0
DA:93,1
DA:94,1
DA:95,1
DA:96,1
DA:97,1
DA:98,1
DA:99,1
DA:100,0
DA:101,0
DA:102,0
DA:103,0
DA:104,0
DA:105,0
DA:106,1
DA:107,2
DA:108,2
DA:109,2
DA:110,1
DA:111,1
DA:112,1
DA:113,1
DA:114,1
DA:115,1
DA:116,1
DA:117,0
DA:118,0
DA:119,1
DA:120,0
DA:121,0
DA:122,0
DA:123,2
DA:124,2
DA:125,2
DA:126,0
DA:127,0
DA:128,0
DA:129,0
DA:130,0
DA:131,0
DA:132,0
DA:133,0
DA:134,0
DA:135,0
DA:136,0
DA:137,0
DA:138,0
DA:139,0
DA:140,0
DA:141,0
DA:142,2
DA:143,2
LF:143
LH:104
BRDA:1,0,0,2
BRDA:2,1,0,2
BRDA:10,2,0,1
BRDA:14,3,0,0
BRDA:19,4,0,0
BRDA:25,5,0,2
BRDA:28,6,0,0
BRDA:32,7,0,1
BRDA:51,8,0,0
BRDA:58,9,0,1
BRDA:61,10,0,0
BRDA:90,11,0,0
BRDA:99,12,0,0
BRDA:109,13,0,1
BRDA:116,14,0,0
BRDA:119,15,0,0
BRF:16
BRH:7
end_of_record
TN:
SF:src\db\db.js
FNF:0
FNH:0
DA:1,1
DA:2,1
DA:3,1
DA:4,1
DA:5,1
DA:6,1
DA:7,1
DA:8,1
DA:9,1
DA:10,1
DA:11,1
DA:12,1
DA:13,1
DA:14,1
DA:15,1
DA:16,1
LF:16
LH:16
BRF:0
BRH:0
end_of_record
TN:
SF:src\jwt\index.js
FN:5,token.create
FN:13,token.check
FNF:2
FNH:2
FNDA:5,token.create
FNDA:6,token.check
DA:1,1
DA:2,1
DA:3,1
DA:4,1
DA:5,1
DA:6,5
DA:7,5
DA:8,5
DA:9,5
DA:10,5
DA:11,1
DA:12,1
DA:13,1
DA:14,6
DA:15,6
DA:16,1
DA:17,1
DA:18,5
DA:19,5
DA:20,5
DA:21,5
DA:22,5
DA:23,6
DA:24,0
DA:25,0
DA:26,6
DA:27,6
DA:28,1
DA:29,1
DA:30,1
LF:30
LH:28
BRDA:5,0,0,5
BRDA:13,1,0,6
BRDA:15,2,0,1
BRDA:17,3,0,5
BRDA:23,4,0,0
BRF:5
BRH:4
end_of_record
TN:
SF:src\repository\annotation.repository.js
FN:1,<instance_members_initializer>
FN:2,AnnotationRepository
FN:6,deleteOne
FN:10,getAll
FN:16,post
FN:24,update
FN:32,getOne
FNF:7
FNH:2
FNDA:2,<instance_members_initializer>
FNDA:2,AnnotationRepository
FNDA:0,deleteOne
FNDA:0,getAll
FNDA:0,post
FNDA:0,update
FNDA:0,getOne
DA:1,1
DA:2,2
DA:3,2
DA:4,2
DA:5,2
DA:6,2
DA:7,0
DA:8,2
DA:9,2
DA:10,2
DA:11,0
DA:12,0
DA:13,0
DA:14,2
DA:15,2
DA:16,2
DA:17,0
DA:18,0
DA:19,0
DA:20,0
DA:21,0
DA:22,2
DA:23,2
DA:24,2
DA:25,0
DA:26,0
DA:27,0
DA:28,0
DA:29,0
DA:30,2
DA:31,2
DA:32,2
DA:33,0
DA:34,0
DA:35,0
DA:36,0
DA:37,2
DA:38,2
LF:38
LH:20
BRDA:1,0,0,2
BRDA:2,1,0,2
BRF:2
BRH:2
end_of_record
TN:
SF:src\repository\person.repository.js
FN:1,<instance_members_initializer>
FN:2,PersonRepository
FN:6,getOneRepository
FN:10,deleteRepository
FN:14,updateRepository
FN:30,postRepository
FN:48,getRepository
FNF:7
FNH:6
FNDA:2,<instance_members_initializer>
FNDA:2,PersonRepository
FNDA:0,getOneRepository
FNDA:1,deleteRepository
FNDA:1,updateRepository
FNDA:1,postRepository
FNDA:1,getRepository
DA:1,1
DA:2,2
DA:3,2
DA:4,2
DA:5,2
DA:6,2
DA:7,0
DA:8,2
DA:9,2
DA:10,2
DA:11,1
DA:12,2
DA:13,2
DA:14,2
DA:15,1
DA:16,1
DA:17,1
DA:18,1
DA:19,1
DA:20,1
DA:21,1
DA:22,1
DA:23,1
DA:24,1
DA:25,1
DA:26,1
DA:27,1
DA:28,2
DA:29,2
DA:30,2
DA:31,1
DA:32,1
DA:33,1
DA:34,1
DA:35,1
DA:36,1
DA:37,1
DA:38,1
DA:39,1
DA:40,1
DA:41,1
DA:42,1
DA:43,1
DA:44,1
DA:45,1
DA:46,2
DA:47,2
DA:48,2
DA:49,1
DA:50,2
DA:51,2
LF:51
LH:50
BRDA:1,0,0,2
BRDA:2,1,0,2
BRDA:10,2,0,1
BRDA:14,3,0,1
BRDA:30,4,0,1
BRDA:48,5,0,1
BRF:6
BRH:6
end_of_record
TN:
SF:src\routes\annotation.js
FN:2,AnnotationRouter
FN:9,routes
FN:37,start
FNF:3
FNH:3
FNDA:2,AnnotationRouter
FNDA:2,routes
FNDA:2,start
DA:1,1
DA:2,1
DA:3,2
DA:4,2
DA:5,2
DA:6,2
DA:7,2
DA:8,1
DA:9,1
DA:10,2
DA:11,2
DA:12,2
DA:13,2
DA:14,2
DA:15,2
DA:16,2
DA:17,2
DA:18,2
DA:19,2
DA:20,2
DA:21,2
DA:22,2
DA:23,2
DA:24,2
DA:25,2
DA:26,2
DA:27,2
DA:28,2
DA:29,2
DA:30,2
DA:31,2
DA:32,2
DA:33,2
DA:34,2
DA:35,2
DA:36,1
DA:37,1
DA:38,2
DA:39,2
DA:40,1
DA:41,1
DA:42,1
LF:42
LH:42
BRDA:2,0,0,2
BRDA:9,1,0,2
BRDA:37,2,0,2
BRF:3
BRH:3
end_of_record
TN:
SF:src\routes\generateToken.js
FN:3,TokenRouter
FN:9,routes
FN:24,start
FNF:3
FNH:3
FNDA:3,TokenRouter
FNDA:3,routes
FNDA:3,start
DA:1,1
DA:2,1
DA:3,1
DA:4,3
DA:5,3
DA:6,3
DA:7,3
DA:8,1
DA:9,1
DA:10,3
DA:11,5
DA:12,5
DA:13,5
DA:14,5
DA:15,0
DA:16,0
DA:17,5
DA:18,5
DA:19,5
DA:20,5
DA:21,3
DA:22,3
DA:23,1
DA:24,1
DA:25,3
DA:26,3
DA:27,1
LF:27
LH:25
BRDA:3,0,0,3
BRDA:9,1,0,3
BRDA:10,2,0,5
BRDA:14,3,0,0
BRDA:24,4,0,3
BRF:5
BRH:4
end_of_record
TN:
SF:src\routes\person.js
FN:2,PersonRouter
FN:9,routes
FN:41,start
FNF:3
FNH:3
FNDA:2,PersonRouter
FNDA:2,routes
FNDA:2,start
DA:1,1
DA:2,1
DA:3,2
DA:4,2
DA:5,2
DA:6,2
DA:7,2
DA:8,1
DA:9,1
DA:10,2
DA:11,2
DA:12,2
DA:13,2
DA:14,2
DA:15,2
DA:16,2
DA:17,2
DA:18,2
DA:19,2
DA:20,2
DA:21,2
DA:22,2
DA:23,2
DA:24,2
DA:25,2
DA:26,2
DA:27,2
DA:28,2
DA:29,2
DA:30,2
DA:31,2
DA:32,2
DA:33,2
DA:34,2
DA:35,2
DA:36,2
DA:37,2
DA:38,2
DA:39,2
DA:40,1
DA:41,1
DA:42,2
DA:43,2
DA:44,1
LF:44
LH:44
BRDA:2,0,0,2
BRDA:9,1,0,2
BRDA:41,2,0,2
BRF:3
BRH:3
end_of_record
TN:
SF:src\utils\getCep.js
FN:4,getCep
FNF:1
FNH:1
FNDA:7,getCep
DA:1,1
DA:2,1
DA:3,1
DA:4,1
DA:5,7
DA:6,7
DA:7,7
DA:8,1
DA:9,1
DA:10,7
LF:10
LH:10
BRDA:4,0,0,7
BRDA:7,1,0,1
BRF:2
BRH:2
end_of_record
TN:
SF:src\utils\validateCep.js
FN:3,validateCep
FNF:1
FNH:1
FNDA:5,validateCep
DA:1,1
DA:2,1
DA:3,1
DA:4,5
DA:5,5
DA:6,5
DA:7,2
DA:8,2
DA:9,2
DA:10,3
DA:11,1
DA:12,1
DA:13,5
LF:13
LH:13
BRDA:3,0,0,5
BRDA:6,1,0,2
BRDA:6,2,0,3
BRDA:6,3,0,2
BRDA:10,4,0,1
BRF:5
BRH:5
end_of_record
TN:
SF:src\validators\annotation.js
FNF:0
FNH:0
DA:1,1
DA:2,1
DA:3,1
DA:4,1
DA:5,1
DA:6,1
DA:7,1
DA:8,1
DA:9,1
DA:10,1
DA:11,1
DA:12,1
DA:13,1
DA:14,1
LF:14
LH:14
BRF:0
BRH:0
end_of_record
TN:
SF:src\validators\person.js
FNF:0
FNH:0
DA:1,1
DA:2,1
DA:3,1
DA:4,1
DA:5,1
DA:6,1
DA:7,1
DA:8,1
DA:9,1
DA:10,1
DA:11,1
DA:12,1
DA:13,1
DA:14,1
DA:15,1
DA:16,1
DA:17,1
DA:18,1
DA:19,1
LF:19
LH:19
BRF:0
BRH:0
end_of_record
